2019-05-14T12:02:24+00:00 CRITICAL Object of class WP_Error could not be converted to string in /opt/wordpress/apps/wordpress/htdocs/wp-content/plugins/loginizer/init.php on line 607

2019-05-14T12:02:29+00:00 CRITICAL Object of class WP_Error could not be converted to string in /opt/wordpress/apps/wordpress/htdocs/wp-content/plugins/loginizer/init.php on line 607

2019-05-14T12:02:41+00:00 CRITICAL Object of class WP_Error could not be converted to string in /opt/wordpress/apps/wordpress/htdocs/wp-content/plugins/loginizer/init.php on line 607

2019-05-14T12:03:05+00:00 CRITICAL Object of class WP_Error could not be converted to string in /opt/wordpress/apps/wordpress/htdocs/wp-content/plugins/loginizer/init.php on line 607

2019-05-14T12:03:24+00:00 CRITICAL Object of class WP_Error could not be converted to string in /opt/wordpress/apps/wordpress/htdocs/wp-content/plugins/loginizer/init.php on line 607

2019-05-14T12:03:56+00:00 CRITICAL Object of class WP_Error could not be converted to string in /opt/wordpress/apps/wordpress/htdocs/wp-content/plugins/loginizer/init.php on line 607

2019-05-14T12:04:37+00:00 CRITICAL Object of class WP_Error could not be converted to string in /opt/wordpress/apps/wordpress/htdocs/wp-content/plugins/loginizer/init.php on line 607

2019-05-14T12:05:42+00:00 CRITICAL Object of class WP_Error could not be converted to string in /opt/wordpress/apps/wordpress/htdocs/wp-content/plugins/loginizer/init.php on line 607

2019-05-14T12:06:08+00:00 CRITICAL Object of class WP_Error could not be converted to string in /opt/wordpress/apps/wordpress/htdocs/wp-content/plugins/loginizer/init.php on line 607

2019-05-14T12:09:19+00:00 CRITICAL Object of class WP_Error could not be converted to string in /opt/wordpress/apps/wordpress/htdocs/wp-content/plugins/loginizer/init.php on line 607

2019-05-14T12:09:36+00:00 CRITICAL Object of class WP_Error could not be converted to string in /opt/wordpress/apps/wordpress/htdocs/wp-content/plugins/loginizer/init.php on line 607

2019-05-14T12:09:49+00:00 CRITICAL Object of class WP_Error could not be converted to string in /opt/wordpress/apps/wordpress/htdocs/wp-content/plugins/loginizer/init.php on line 607

2019-05-14T12:11:31+00:00 CRITICAL Object of class WP_Error could not be converted to string in /opt/wordpress/apps/wordpress/htdocs/wp-content/plugins/loginizer/init.php on line 607

2019-05-14T12:12:03+00:00 CRITICAL Object of class WP_Error could not be converted to string in /opt/wordpress/apps/wordpress/htdocs/wp-content/plugins/loginizer/init.php on line 607

2019-05-14T12:14:40+00:00 CRITICAL Object of class WP_Error could not be converted to string in /opt/wordpress/apps/wordpress/htdocs/wp-content/plugins/loginizer/init.php on line 607

2019-05-14T12:14:46+00:00 CRITICAL Object of class WP_Error could not be converted to string in /opt/wordpress/apps/wordpress/htdocs/wp-content/plugins/loginizer/init.php on line 607

2019-05-14T12:17:13+00:00 CRITICAL Object of class WP_Error could not be converted to string in /opt/wordpress/apps/wordpress/htdocs/wp-content/plugins/loginizer/init.php on line 607

2019-05-14T12:17:48+00:00 CRITICAL Object of class WP_Error could not be converted to string in /opt/wordpress/apps/wordpress/htdocs/wp-content/plugins/loginizer/init.php on line 607

2019-05-14T12:18:31+00:00 CRITICAL Object of class WP_Error could not be converted to string in /opt/wordpress/apps/wordpress/htdocs/wp-content/plugins/loginizer/init.php on line 607

2019-05-14T12:21:03+00:00 CRITICAL Object of class WP_Error could not be converted to string in /opt/wordpress/apps/wordpress/htdocs/wp-content/plugins/loginizer/init.php on line 607

2019-05-14T12:24:13+00:00 CRITICAL Object of class WP_Error could not be converted to string in /opt/wordpress/apps/wordpress/htdocs/wp-content/plugins/loginizer/init.php on line 607

2019-05-14T12:26:14+00:00 CRITICAL Object of class WP_Error could not be converted to string in /opt/wordpress/apps/wordpress/htdocs/wp-content/plugins/loginizer/init.php on line 607

2019-05-14T12:27:45+00:00 CRITICAL Object of class WP_Error could not be converted to string in /opt/wordpress/apps/wordpress/htdocs/wp-content/plugins/loginizer/init.php on line 607

2019-05-14T12:32:31+00:00 CRITICAL Object of class WP_Error could not be converted to string in /opt/wordpress/apps/wordpress/htdocs/wp-content/plugins/loginizer/init.php on line 607

2019-05-14T12:33:39+00:00 CRITICAL Object of class WP_Error could not be converted to string in /opt/wordpress/apps/wordpress/htdocs/wp-content/plugins/loginizer/init.php on line 607

2019-05-14T12:33:58+00:00 CRITICAL Object of class WP_Error could not be converted to string in /opt/wordpress/apps/wordpress/htdocs/wp-content/plugins/loginizer/init.php on line 607

2019-05-14T12:34:14+00:00 CRITICAL Object of class WP_Error could not be converted to string in /opt/wordpress/apps/wordpress/htdocs/wp-content/plugins/loginizer/init.php on line 607

2019-05-14T12:35:23+00:00 CRITICAL Object of class WP_Error could not be converted to string in /opt/wordpress/apps/wordpress/htdocs/wp-content/plugins/loginizer/init.php on line 607

2019-05-14T12:35:45+00:00 CRITICAL Object of class WP_Error could not be converted to string in /opt/wordpress/apps/wordpress/htdocs/wp-content/plugins/loginizer/init.php on line 607

2019-05-14T12:36:07+00:00 CRITICAL Object of class WP_Error could not be converted to string in /opt/wordpress/apps/wordpress/htdocs/wp-content/plugins/loginizer/init.php on line 607

2019-05-14T12:36:24+00:00 CRITICAL Object of class WP_Error could not be converted to string in /opt/wordpress/apps/wordpress/htdocs/wp-content/plugins/loginizer/init.php on line 607

2019-05-14T12:38:54+00:00 CRITICAL Object of class WP_Error could not be converted to string in /opt/wordpress/apps/wordpress/htdocs/wp-content/plugins/loginizer/init.php on line 607

2019-05-14T12:57:31+00:00 CRITICAL Uncaught Error: Call to a member function get_month() on null in /opt/wordpress/apps/wordpress/htdocs/wp-includes/media.php:3576
Stack trace:
#0 /opt/wordpress/apps/wordpress/htdocs/wp-content/plugins/user-profile/user-profile.php(147): wp_enqueue_media()
#1 /opt/wordpress/apps/wordpress/htdocs/wp-includes/class-wp-hook.php(286): UserProfile->front_scripts('')
#2 /opt/wordpress/apps/wordpress/htdocs/wp-includes/class-wp-hook.php(310): WP_Hook->apply_filters(NULL, Array)
#3 /opt/wordpress/apps/wordpress/htdocs/wp-includes/plugin.php(465): WP_Hook->do_action(Array)
#4 /opt/wordpress/apps/wordpress/htdocs/wp-includes/script-loader.php(2537): do_action('wp_enqueue_scri...')
#5 /opt/wordpress/apps/wordpress/htdocs/wp-includes/class-wp-customize-manager.php(455): wp_enqueue_scripts()
#6 /opt/wordpress/apps/wordpress/htdocs/wp-includes/class-wp-customize-manager.php(552): WP_Customize_Manager->wp_die(0, 'Non-existent ch...')
#7 /opt/wordpress/apps/wordpress/htdocs/wp-includes/class-wp-hook.php(286): WP_Customize_Man in /opt/wordpress/apps/wordpress/htdocs/wp-includes/media.php on line 3576

